{"C:\\Users\\keyli\\Documents\\Basket\\api\\src\\index.ts": {"path":"C:\\Users\\keyli\\Documents\\Basket\\api\\src\\index.ts","statementMap":{"0":{"start":{"line":24,"column":0},"end":{"line":24,"column":16}},"1":{"start":{"line":1,"column":0},"end":{"line":1,"column":30}},"2":{"start":{"line":2,"column":0},"end":{"line":2,"column":51}},"3":{"start":{"line":3,"column":0},"end":{"line":3,"column":56}},"4":{"start":{"line":4,"column":0},"end":{"line":4,"column":43}},"5":{"start":{"line":5,"column":0},"end":{"line":5,"column":26}},"6":{"start":{"line":6,"column":0},"end":{"line":6,"column":24}},"7":{"start":{"line":8,"column":13},"end":{"line":8,"column":29}},"8":{"start":{"line":9,"column":13},"end":{"line":9,"column":17}},"9":{"start":{"line":12,"column":24},"end":{"line":12,"column":73}},"10":{"start":{"line":15,"column":0},"end":{"line":15,"column":72}},"11":{"start":{"line":17,"column":0},"end":{"line":17,"column":24}},"12":{"start":{"line":19,"column":0},"end":{"line":19,"column":21}},"13":{"start":{"line":20,"column":0},"end":{"line":20,"column":22}},"14":{"start":{"line":22,"column":13},"end":{"line":22,"column":39}},"15":{"start":{"line":25,"column":2},"end":{"line":25,"column":17}}},"fnMap":{"0":{"name":"stopServer","decl":{"start":{"line":24,"column":16},"end":{"line":24,"column":26}},"loc":{"start":{"line":24,"column":26},"end":{"line":26,"column":1}}}},"branchMap":{},"s":{"0":1,"1":1,"2":1,"3":1,"4":1,"5":1,"6":1,"7":1,"8":1,"9":1,"10":1,"11":1,"12":1,"13":1,"14":1,"15":1},"f":{"0":1},"b":{}}
,"C:\\Users\\keyli\\Documents\\Basket\\api\\src\\players\\players.controller.ts": {"path":"C:\\Users\\keyli\\Documents\\Basket\\api\\src\\players\\players.controller.ts","statementMap":{"0":{"start":{"line":2,"column":0},"end":{"line":2,"column":31}},"1":{"start":{"line":4,"column":26},"end":{"line":15,"column":2}},"2":{"start":{"line":4,"column":65},"end":{"line":15,"column":2}},"3":{"start":{"line":5,"column":2},"end":{"line":14,"column":3}},"4":{"start":{"line":6,"column":20},"end":{"line":6,"column":51}},"5":{"start":{"line":7,"column":4},"end":{"line":10,"column":5}},"6":{"start":{"line":8,"column":6},"end":{"line":8,"column":47}},"7":{"start":{"line":9,"column":6},"end":{"line":9,"column":13}},"8":{"start":{"line":11,"column":4},"end":{"line":11,"column":34}},"9":{"start":{"line":13,"column":4},"end":{"line":13,"column":51}},"10":{"start":{"line":4,"column":13},"end":{"line":4,"column":26}},"11":{"start":{"line":17,"column":25},"end":{"line":35,"column":2}},"12":{"start":{"line":17,"column":63},"end":{"line":35,"column":2}},"13":{"start":{"line":18,"column":17},"end":{"line":18,"column":27}},"14":{"start":{"line":20,"column":2},"end":{"line":34,"column":3}},"15":{"start":{"line":21,"column":19},"end":{"line":25,"column":6}},"16":{"start":{"line":27,"column":4},"end":{"line":30,"column":5}},"17":{"start":{"line":28,"column":6},"end":{"line":28,"column":47}},"18":{"start":{"line":29,"column":6},"end":{"line":29,"column":13}},"19":{"start":{"line":31,"column":4},"end":{"line":31,"column":33}},"20":{"start":{"line":33,"column":4},"end":{"line":33,"column":51}},"21":{"start":{"line":17,"column":13},"end":{"line":17,"column":25}}},"fnMap":{"0":{"name":"(anonymous_8)","decl":{"start":{"line":4,"column":26},"end":{"line":4,"column":33}},"loc":{"start":{"line":4,"column":65},"end":{"line":15,"column":2}}},"1":{"name":"(anonymous_9)","decl":{"start":{"line":4,"column":65},"end":{"line":4,"column":null}},"loc":{"start":{"line":4,"column":65},"end":{"line":15,"column":1}}},"2":{"name":"(anonymous_10)","decl":{"start":{"line":17,"column":25},"end":{"line":17,"column":32}},"loc":{"start":{"line":17,"column":63},"end":{"line":35,"column":2}}},"3":{"name":"(anonymous_11)","decl":{"start":{"line":17,"column":63},"end":{"line":17,"column":null}},"loc":{"start":{"line":17,"column":63},"end":{"line":35,"column":1}}}},"branchMap":{"0":{"loc":{"start":{"line":7,"column":4},"end":{"line":10,"column":5}},"type":"if","locations":[{"start":{"line":7,"column":4},"end":{"line":10,"column":5}}]},"1":{"loc":{"start":{"line":27,"column":4},"end":{"line":30,"column":5}},"type":"if","locations":[{"start":{"line":27,"column":4},"end":{"line":30,"column":5}}]}},"s":{"0":1,"1":1,"2":3,"3":3,"4":3,"5":2,"6":1,"7":1,"8":1,"9":1,"10":1,"11":1,"12":3,"13":3,"14":3,"15":3,"16":2,"17":1,"18":1,"19":1,"20":1,"21":1},"f":{"0":3,"1":3,"2":3,"3":3},"b":{"0":[1],"1":[1]}}
,"C:\\Users\\keyli\\Documents\\Basket\\api\\src\\players\\players.router.ts": {"path":"C:\\Users\\keyli\\Documents\\Basket\\api\\src\\players\\players.router.ts","statementMap":{"0":{"start":{"line":1,"column":0},"end":{"line":1,"column":33}},"1":{"start":{"line":2,"column":0},"end":{"line":2,"column":61}},"2":{"start":{"line":4,"column":13},"end":{"line":4,"column":37}},"3":{"start":{"line":6,"column":0},"end":{"line":6,"column":41}},"4":{"start":{"line":7,"column":0},"end":{"line":7,"column":43}}},"fnMap":{},"branchMap":{},"s":{"0":1,"1":1,"2":1,"3":1,"4":1},"f":{},"b":{}}
,"C:\\Users\\keyli\\Documents\\Basket\\api\\src\\teams\\teams.controller.ts": {"path":"C:\\Users\\keyli\\Documents\\Basket\\api\\src\\teams\\teams.controller.ts","statementMap":{"0":{"start":{"line":2,"column":0},"end":{"line":2,"column":31}},"1":{"start":{"line":4,"column":24},"end":{"line":21,"column":2}},"2":{"start":{"line":4,"column":63},"end":{"line":21,"column":2}},"3":{"start":{"line":5,"column":2},"end":{"line":20,"column":3}},"4":{"start":{"line":6,"column":18},"end":{"line":6,"column":47}},"5":{"start":{"line":8,"column":31},"end":{"line":11,"column":7}},"6":{"start":{"line":8,"column":51},"end":{"line":10,"column":null}},"7":{"start":{"line":13,"column":4},"end":{"line":16,"column":5}},"8":{"start":{"line":14,"column":6},"end":{"line":14,"column":45}},"9":{"start":{"line":15,"column":6},"end":{"line":15,"column":13}},"10":{"start":{"line":17,"column":4},"end":{"line":17,"column":45}},"11":{"start":{"line":19,"column":4},"end":{"line":19,"column":55}},"12":{"start":{"line":4,"column":13},"end":{"line":4,"column":24}},"13":{"start":{"line":23,"column":23},"end":{"line":43,"column":2}},"14":{"start":{"line":23,"column":61},"end":{"line":43,"column":2}},"15":{"start":{"line":24,"column":17},"end":{"line":24,"column":27}},"16":{"start":{"line":25,"column":2},"end":{"line":42,"column":3}},"17":{"start":{"line":26,"column":17},"end":{"line":30,"column":6}},"18":{"start":{"line":32,"column":4},"end":{"line":35,"column":5}},"19":{"start":{"line":33,"column":6},"end":{"line":33,"column":45}},"20":{"start":{"line":34,"column":6},"end":{"line":34,"column":13}},"21":{"start":{"line":37,"column":26},"end":{"line":37,"column":64}},"22":{"start":{"line":39,"column":4},"end":{"line":39,"column":43}},"23":{"start":{"line":41,"column":4},"end":{"line":41,"column":54}},"24":{"start":{"line":23,"column":13},"end":{"line":23,"column":23}}},"fnMap":{"0":{"name":"(anonymous_8)","decl":{"start":{"line":4,"column":24},"end":{"line":4,"column":31}},"loc":{"start":{"line":4,"column":63},"end":{"line":21,"column":2}}},"1":{"name":"(anonymous_9)","decl":{"start":{"line":4,"column":63},"end":{"line":4,"column":null}},"loc":{"start":{"line":4,"column":63},"end":{"line":21,"column":1}}},"2":{"name":"(anonymous_10)","decl":{"start":{"line":8,"column":41},"end":{"line":8,"column":42}},"loc":{"start":{"line":8,"column":51},"end":{"line":10,"column":null}}},"3":{"name":"(anonymous_11)","decl":{"start":{"line":23,"column":23},"end":{"line":23,"column":30}},"loc":{"start":{"line":23,"column":61},"end":{"line":43,"column":2}}},"4":{"name":"(anonymous_12)","decl":{"start":{"line":23,"column":61},"end":{"line":23,"column":null}},"loc":{"start":{"line":23,"column":61},"end":{"line":43,"column":1}}}},"branchMap":{"0":{"loc":{"start":{"line":13,"column":4},"end":{"line":16,"column":5}},"type":"if","locations":[{"start":{"line":13,"column":4},"end":{"line":16,"column":5}}]},"1":{"loc":{"start":{"line":32,"column":4},"end":{"line":35,"column":5}},"type":"if","locations":[{"start":{"line":32,"column":4},"end":{"line":35,"column":5}}]}},"s":{"0":1,"1":1,"2":0,"3":0,"4":0,"5":0,"6":0,"7":0,"8":0,"9":0,"10":0,"11":0,"12":1,"13":1,"14":0,"15":0,"16":0,"17":0,"18":0,"19":0,"20":0,"21":0,"22":0,"23":0,"24":1},"f":{"0":0,"1":0,"2":0,"3":0,"4":0},"b":{"0":[0],"1":[0]}}
,"C:\\Users\\keyli\\Documents\\Basket\\api\\src\\teams\\teams.router.ts": {"path":"C:\\Users\\keyli\\Documents\\Basket\\api\\src\\teams\\teams.router.ts","statementMap":{"0":{"start":{"line":1,"column":0},"end":{"line":1,"column":33}},"1":{"start":{"line":2,"column":0},"end":{"line":2,"column":55}},"2":{"start":{"line":4,"column":13},"end":{"line":4,"column":36}},"3":{"start":{"line":6,"column":0},"end":{"line":6,"column":36}},"4":{"start":{"line":7,"column":0},"end":{"line":7,"column":38}}},"fnMap":{},"branchMap":{},"s":{"0":1,"1":1,"2":1,"3":1,"4":1},"f":{},"b":{}}
}
